<?xml version="1.0"?>
<!--Phoronix Test Suite v3.0.0a3 (Iveland) [ http://www.phoronix-test-suite.com/ ]-->
<PhoronixTestSuite>
  <TestInformation>
    <Title>Nexuiz</Title>
    <AppVersion>2.5.2</AppVersion>
    <Description>This is a benchmark of Nexuiz, a popular open-source first-person shooter. This game uses the DarkPlaces engine, which is a largely modified version of the Quake engine with extra features such as High Dynamic Range rendering and OpenGL 2.0 shaders.</Description>
    <ResultScale>Frames Per Second</ResultScale>
    <Proportion>HIB</Proportion>
    <TimesToRun>3</TimesToRun>
  </TestInformation>
  <TestProfile>
    <Version>1.6.0</Version>
    <SupportedPlatforms>Linux, MacOSX, Windows</SupportedPlatforms>
    <SoftwareType>Game</SoftwareType>
    <TestType>Graphics</TestType>
    <License>Free</License>
    <Status>Verified</Status>
    <SupportedArchitectures>x86, x86_64</SupportedArchitectures>
    <ExternalDependencies>32bit-compatibility</ExternalDependencies>
    <EnvironmentSize>715</EnvironmentSize>
    <ProjectURL>http://www.nexuiz.com/</ProjectURL>
    <Maintainer>Michael Larabel</Maintainer>
  </TestProfile>
  <TestSettings>
    <Default>
      <Arguments>-nohome -benchmark demos/demo2 +r_glsl 1</Arguments>
    </Default>
    <Option>
      <DisplayName>Resolution</DisplayName>
      <Identifier>auto-resolution</Identifier>
      <Menu>
        <Entry>
          <Name>$VIDEO_WIDTH x $VIDEO_HEIGHT</Name>
          <Value>+vid_width $VIDEO_WIDTH +vid_height $VIDEO_HEIGHT</Value>
        </Entry>
      </Menu>
    </Option>
    <Option>
      <DisplayName>HDR</DisplayName>
      <Identifier>hdr-rendering</Identifier>
      <ArgumentPrefix>+r_hdr </ArgumentPrefix>
      <Menu>
        <Entry>
          <Name>Yes</Name>
          <Value>1</Value>
        </Entry>
        <Entry>
          <Name>No</Name>
        </Entry>
      </Menu>
    </Option>
    <Option>
      <DisplayName>Sound</DisplayName>
      <Identifier>play-sound</Identifier>
      <Menu>
        <Entry>
          <Name>On</Name>
        </Entry>
        <Entry>
          <Name>Off</Name>
          <Value>-nosound</Value>
        </Entry>
      </Menu>
    </Option>
  </TestSettings>
</PhoronixTestSuite>
