<?xml version="1.0"?>
<!--Phoronix Test Suite v4.0.0m0 (Suldal)-->
<PhoronixTestSuite>
  <TestInformation>
    <Title>JuliaGPU</Title>
    <AppVersion>1.2pts1</AppVersion>
    <Description>JuliaGPU is an OpenCL benchmark with this version containing various PTS-specific enhancements.</Description>
    <ResultScale>Samples/sec</ResultScale>
    <Proportion>HIB</Proportion>
    <TimesToRun>3</TimesToRun>
  </TestInformation>
  <TestProfile>
    <Version>1.2.0</Version>
    <SupportedPlatforms>Linux, BSD, MacOSX</SupportedPlatforms>
    <SoftwareType>Utility</SoftwareType>
    <TestType>System</TestType>
    <License>Free</License>
    <Status>Verified</Status>
    <ExternalDependencies>build-utilities, glut, opencl</ExternalDependencies>
    <EnvironmentSize>1.0</EnvironmentSize>
    <ProjectURL>http://davibu.interfree.it/opencl/juliagpu/juliaGPU.html</ProjectURL>
    <InternalTags>OpenCL</InternalTags>
    <Maintainer>Michael Larabel</Maintainer>
  </TestProfile>
  <TestSettings>
    <Default>
      <PostArguments>preprocessed_rendering_kernel.cl 1920 1080</PostArguments>
    </Default>
    <Option>
      <DisplayName>OpenCL Device</DisplayName>
      <Identifier>cl-device</Identifier>
      <Menu>
        <Entry>
          <Name>CPU</Name>
          <Value>1 0</Value>
        </Entry>
        <Entry>
          <Name>GPU</Name>
          <Value>0 1</Value>
        </Entry>
        <Entry>
          <Name>CPU+GPU</Name>
          <Value>1 1</Value>
        </Entry>
      </Menu>
    </Option>
  </TestSettings>
</PhoronixTestSuite>
