<?xml version="1.0"?>
<!--Phoronix Test Suite v3.0.0a3 (Iveland) [ http://www.phoronix-test-suite.com/ ]-->
<PhoronixTestSuite>
  <TestInformation>
    <Title>SPECViewPerf 10</Title>
    <Description>This test runs SPECViewPerf 10.0, which is made up of real-world OpenGL workstation tests such as 3DS Max, CATIA, Maya, Pro/Engineer, and SolidWorks. SPECViewPerf 10.0 features full-scene anti-aliasing and multi-threading support over SPECViewPerf 9.0.</Description>
    <ResultScale>Weighted Geometric Mean</ResultScale>
    <Proportion>HIB</Proportion>
    <TimesToRun>3</TimesToRun>
  </TestInformation>
  <TestProfile>
    <Version>1.2.0</Version>
    <SupportedPlatforms>Linux, Windows</SupportedPlatforms>
    <SoftwareType>Utility</SoftwareType>
    <TestType>Graphics</TestType>
    <License>Free</License>
    <Status>Verified</Status>
    <ExternalDependencies>build-utilities, glut, csh, libpng-development</ExternalDependencies>
    <EnvironmentSize>1600</EnvironmentSize>
    <ProjectURL>http://www.spec.org/</ProjectURL>
    <Maintainer>Michael Larabel</Maintainer>
  </TestProfile>
  <TestSettings>
    <Option>
      <DisplayName>Resolution</DisplayName>
      <Identifier>auto-resolution</Identifier>
      <Menu>
        <Entry>
          <Name>$VIDEO_WIDTH x $VIDEO_HEIGHT</Name>
          <Value>$VIDEO_WIDTH $VIDEO_HEIGHT</Value>
        </Entry>
      </Menu>
    </Option>
    <Option>
      <DisplayName>SPECViewPerf Test</DisplayName>
      <Identifier>run-test</Identifier>
      <Menu>
        <Entry>
          <Name>3dsmax-04</Name>
          <Value>3dsmax</Value>
        </Entry>
        <Entry>
          <Name>catia-02</Name>
          <Value>catia</Value>
        </Entry>
        <Entry>
          <Name>ensight-03</Name>
          <Value>ensight</Value>
        </Entry>
        <Entry>
          <Name>maya-02</Name>
          <Value>maya</Value>
        </Entry>
        <Entry>
          <Name>proe-04</Name>
          <Value>proe</Value>
        </Entry>
        <Entry>
          <Name>sw-01</Name>
          <Value>sw</Value>
        </Entry>
        <Entry>
          <Name>tcvis-01</Name>
          <Value>tcvis</Value>
        </Entry>
        <Entry>
          <Name>ugnx-01</Name>
          <Value>ugnx</Value>
        </Entry>
      </Menu>
    </Option>
  </TestSettings>
</PhoronixTestSuite>
