<?xml version="1.0"?>
<!--Phoronix Test Suite v3.0.0a3 (Iveland) [ http://www.phoronix-test-suite.com/ ]-->
<PhoronixTestSuite>
  <TestProfile>
    <Version>1.0.0</Version>
    <SupportedPlatforms>Windows, Linux, MacOSX, Solaris</SupportedPlatforms>
    <SoftwareType>BaseTestProfile</SoftwareType>
    <License>Free</License>
    <Status>Verified</Status>
  </TestProfile>
</PhoronixTestSuite>
