<?xml version="1.0"?>
<!--Phoronix Test Suite v4.0.0m1 (Suldal)-->
<PhoronixTestSuite>
  <TestInformation>
    <Title>qVDPAUtest</Title>
    <AppVersion>0.5.1</AppVersion>
    <Description>The qvdpautest is a small program serving as a benchmark of NVIDIA's VDPAU, the Video Decode and Presentation API for Unix. Various operations are supported for testing.</Description>
    <ResultScale>Frames/sec</ResultScale>
    <Proportion>HIB</Proportion>
    <TimesToRun>3</TimesToRun>
  </TestInformation>
  <TestProfile>
    <Version>1.0.0</Version>
    <SupportedPlatforms>Linux, BSD, MacOSX</SupportedPlatforms>
    <SoftwareType>Utility</SoftwareType>
    <TestType>Graphics</TestType>
    <License>Free</License>
    <Status>Verified</Status>
    <ExternalDependencies>build-utilities, qt4-development, xorg-development</ExternalDependencies>
    <EnvironmentSize>10.0</EnvironmentSize>
    <ProjectURL>http://www.nvnews.net/vbulletin/showthread.php?t=133465</ProjectURL>
    <InternalTags>VDPAU, video</InternalTags>
    <Maintainer>Michael Larabel</Maintainer>
  </TestProfile>
  <TestSettings>
    <Default>
      <AllowCacheShare>TRUE</AllowCacheShare>
    </Default>
    <Option>
      <DisplayName>Video Test</DisplayName>
      <Identifier>video-test</Identifier>
      <Menu>
        <Entry>
          <Name>1280x720 MPEG Decoding</Name>
          <Value>MPEG_DECODING_1280x720</Value>
        </Entry>
        <Entry>
          <Name>1920x1080 MPEG Decoding</Name>
          <Value>MPEG_DECODING_1920x1080</Value>
        </Entry>
        <Entry>
          <Name>1280x720 H.264 Decoding</Name>
          <Value>H264_DECODING_1280x720</Value>
        </Entry>
        <Entry>
          <Name>1920x1080 H.264 Decoding</Name>
          <Value>H264_DECODING_1920x1080</Value>
        </Entry>
        <Entry>
          <Name>1440x1080 VC-1 Decoding</Name>
          <Value>VC1_DECODING_1440x1080</Value>
        </Entry>
        <Entry>
          <Name>1920x1080 MPEG4 Decoding</Name>
          <Value>MPEG4_DECODING_1920x1080</Value>
        </Entry>
      </Menu>
    </Option>
  </TestSettings>
</PhoronixTestSuite>
