<?xml version="1.0"?>
<!--Phoronix Test Suite v3.8.0m1 (Bygland)-->
<PhoronixTestSuite>
  <TestInformation>
    <Title>FFmpeg</Title>
    <AppVersion>0.10</AppVersion>
    <Description>This test uses FFmpeg for testing the system's audio/video encoding performance.</Description>
    <ResultScale>Seconds</ResultScale>
    <Proportion>LIB</Proportion>
    <SubTitle>AVI To NTSC VCD</SubTitle>
    <TimesToRun>3</TimesToRun>
  </TestInformation>
  <TestProfile>
    <Version>1.8.0</Version>
    <SupportedPlatforms>Linux, MacOSX</SupportedPlatforms>
    <SoftwareType>Utility</SoftwareType>
    <TestType>Processor</TestType>
    <License>Free</License>
    <Status>Verified</Status>
    <ExternalDependencies>build-utilities, yasm</ExternalDependencies>
    <Extends>pts/video-sample</Extends>
    <EnvironmentSize>130</EnvironmentSize>
    <ProjectURL>http://ffmpeg.mplayerhq.hu/</ProjectURL>
    <Maintainer>Michael Larabel</Maintainer>
  </TestProfile>
</PhoronixTestSuite>
