<?xml version="1.0"?>
<!--Phoronix Test Suite v3.0.0a3 (Iveland) [ http://www.phoronix-test-suite.com/ ]-->
<PhoronixTestSuite>
  <TestInformation>
    <Title>Battery Power Usage</Title>
    <Description>This test is designed for notebooks and netbooks and monitor's the system's battery consumption as it idles for 60 seconds, then turns off the monitor for 60 seconds via DPMS, then turns the display back on and plays back a sample H.264 1080p video file using mplayer with the X-Video output adapter. A line graph showing the power usage is then rendered.</Description>
    <ResultScale>Milliwatts</ResultScale>
    <DisplayFormat>LINE_GRAPH</DisplayFormat>
    <SubTitle>Idle, DPMS Off, Video Playback</SubTitle>
    <TimesToRun>1</TimesToRun>
  </TestInformation>
  <TestProfile>
    <Version>1.0.0</Version>
    <SupportedPlatforms>Linux</SupportedPlatforms>
    <SoftwareType>Utility</SoftwareType>
    <TestType>System</TestType>
    <Extends>pts/mplayer-base</Extends>
    <EnvironmentSize>1.0</EnvironmentSize>
    <ProjectURL>http://www.mplayerhq.hu/</ProjectURL>
    <Maintainer>Michael Larabel</Maintainer>
  </TestProfile>
</PhoronixTestSuite>
