<?xml version="1.0"?>
<!--Phoronix Test Suite v3.8.0m2 (Bygland)-->
<PhoronixTestSuite>
  <TestInformation>
    <Title>dcraw</Title>
    <Description>This test times how long it takes to convert several high-resolution RAW NEF image files to PPM image format using dcraw.</Description>
    <ResultScale>Seconds</ResultScale>
    <Proportion>LIB</Proportion>
    <SubTitle>RAW To PPM Image Conversion</SubTitle>
    <TimesToRun>3</TimesToRun>
  </TestInformation>
  <TestProfile>
    <Version>1.1.0</Version>
    <SupportedPlatforms>Linux, Solaris, MacOSX, BSD</SupportedPlatforms>
    <SoftwareType>Utility</SoftwareType>
    <TestType>Processor</TestType>
    <License>Free</License>
    <Status>Verified</Status>
    <ExternalDependencies>build-utilities</ExternalDependencies>
    <EnvironmentSize>65</EnvironmentSize>
    <EnvironmentTestingSize>310</EnvironmentTestingSize>
    <ProjectURL>http://www.cybercom.net/~dcoffin/dcraw/</ProjectURL>
    <Maintainer>Michael Larabel</Maintainer>
  </TestProfile>
</PhoronixTestSuite>
