<?xml version="1.0"?>
<!--Phoronix Test Suite v3.0.0a3 (Iveland) [ http://www.phoronix-test-suite.com/ ]-->
<PhoronixTestSuite>
  <TestInformation>
    <Title>Triangle Slammer</Title>
    <Description>Triangle Slammer is an OpenGL benchmark of the PERL language.</Description>
    <ResultScale>Seconds</ResultScale>
    <Proportion>LIB</Proportion>
    <SubTitle>Perl OpenGL Benchmark</SubTitle>
    <Executable>trislam-run</Executable>
    <TimesToRun>1</TimesToRun>
  </TestInformation>
  <TestProfile>
    <Version>1.0.0</Version>
    <SupportedPlatforms>Linux</SupportedPlatforms>
    <SoftwareType>Utility</SoftwareType>
    <TestType>Graphics</TestType>
    <License>Free</License>
    <Status>Verified</Status>
    <ExternalDependencies>build-utilities, perl, perl-opengl</ExternalDependencies>
    <EnvironmentSize>0.8</EnvironmentSize>
    <ProjectURL>http://graphcomp.com/pogl.cgi?v=0111s3B3</ProjectURL>
    <Maintainer>Michael Larabel</Maintainer>
  </TestProfile>
</PhoronixTestSuite>
