<?xml version="1.0"?>
<!--Phoronix Test Suite v3.0.0a3 (Iveland) [ http://www.phoronix-test-suite.com/ ]-->
<PhoronixTestSuite>
  <TestInformation>
    <Title>Stream</Title>
    <AppVersion>2009-04-11</AppVersion>
    <Description>This benchmark tests the system memory (RAM) performance.</Description>
    <ResultScale>MB/s</ResultScale>
    <Proportion>HIB</Proportion>
    <TimesToRun>10</TimesToRun>
  </TestInformation>
  <TestProfile>
    <Version>1.1.0</Version>
    <SupportedPlatforms>Linux, Solaris, MacOSX, BSD</SupportedPlatforms>
    <SoftwareType>Utility</SoftwareType>
    <TestType>Memory</TestType>
    <License>Free</License>
    <Status>Verified</Status>
    <ExternalDependencies>build-utilities</ExternalDependencies>
    <EnvironmentSize>0.1</EnvironmentSize>
    <ProjectURL>http://www.cs.virginia.edu/stream/</ProjectURL>
    <Maintainer>Michael Larabel</Maintainer>
  </TestProfile>
  <TestSettings>
    <Default>
      <AllowCacheShare>TRUE</AllowCacheShare>
    </Default>
    <Option>
      <DisplayName>Type</DisplayName>
      <Identifier>run-type</Identifier>
      <Menu>
        <Entry>
          <Name>Copy</Name>
          <Value>Copy</Value>
        </Entry>
        <Entry>
          <Name>Scale</Name>
          <Value>Scale</Value>
        </Entry>
        <Entry>
          <Name>Add</Name>
          <Value>Add</Value>
        </Entry>
        <Entry>
          <Name>Triad</Name>
          <Value>Triad</Value>
        </Entry>
      </Menu>
    </Option>
  </TestSettings>
</PhoronixTestSuite>
