<?xml version="1.0"?>
<!--Phoronix Test Suite v3.0.0a3 (Iveland) [ http://www.phoronix-test-suite.com/ ]-->
<PhoronixTestSuite>
  <TestInformation>
    <Title>GtkPerf</Title>
    <AppVersion>0.40</AppVersion>
    <Description>This test calculates the average frame-rate from several different GTK operations.</Description>
    <ResultScale>Seconds</ResultScale>
    <Proportion>LIB</Proportion>
    <TimesToRun>3</TimesToRun>
  </TestInformation>
  <TestProfile>
    <Version>1.2.1</Version>
    <SupportedPlatforms>Linux</SupportedPlatforms>
    <SoftwareType>Utility</SoftwareType>
    <TestType>Graphics</TestType>
    <License>Free</License>
    <Status>Verified</Status>
    <ExternalDependencies>gtk-development, build-utilities</ExternalDependencies>
    <EnvironmentSize>0.11</EnvironmentSize>
    <ProjectURL>http://gtkperf.sourceforge.net/</ProjectURL>
    <Maintainer>Michael Larabel</Maintainer>
  </TestProfile>
  <TestSettings>
    <Option>
      <DisplayName>GTK Widget</DisplayName>
      <Identifier>gtk-test</Identifier>
      <Menu>
        <Entry>
          <Name>GtkComboBox</Name>
          <Value>COMBOBOX</Value>
        </Entry>
        <Entry>
          <Name>GtkComboBoxEntry</Name>
          <Value>COMBOBOX_ENTRY</Value>
        </Entry>
        <Entry>
          <Name>GtkToggleButton</Name>
          <Value>TOGGLE_BUTTON</Value>
        </Entry>
        <Entry>
          <Name>GtkCheckButton</Name>
          <Value>CHECK_BUTTON</Value>
        </Entry>
        <Entry>
          <Name>GtkRadioButton</Name>
          <Value>RADIO_BUTTON</Value>
        </Entry>
        <Entry>
          <Name>GtkTextView - Add Text</Name>
          <Value>TEXTVIEW_ADD</Value>
        </Entry>
        <Entry>
          <Name>GtkTextView - Scroll</Name>
          <Value>TEXTVIEW_SCROLL</Value>
        </Entry>
        <Entry>
          <Name>GtkDrawingArea - Circles</Name>
          <Value>DRAWING_CIRCLES</Value>
        </Entry>
        <Entry>
          <Name>GtkDrawingArea - Pixbufs</Name>
          <Value>DRAWING_PIXBUFS</Value>
        </Entry>
        <Entry>
          <Name>Total Time</Name>
          <Value>TOTAL_TIME</Value>
        </Entry>
      </Menu>
    </Option>
  </TestSettings>
</PhoronixTestSuite>
