<?xml version="1.0"?>
<!--Phoronix Test Suite v3.0.0a3 (Iveland) [ http://www.phoronix-test-suite.com/ ]-->
<PhoronixTestSuite>
  <TestInformation>
    <Title>PyOpenCL</Title>
    <AppVersion>0.91.3</AppVersion>
    <Description>Bandwidth Tests</Description>
    <ResultScale>GB/s</ResultScale>
    <Proportion>HIB</Proportion>
    <TimesToRun>3</TimesToRun>
  </TestInformation>
  <TestProfile>
    <Version>1.0.0</Version>
    <SupportedPlatforms>Linux</SupportedPlatforms>
    <SoftwareType>Utility</SoftwareType>
    <TestType>System</TestType>
    <License>Free</License>
    <Status>Verified</Status>
    <SupportedArchitectures>x86_64</SupportedArchitectures>
    <ExternalDependencies>build-utilities, boost-thread-development, python, python-boost-development, python-numpy</ExternalDependencies>
    <EnvironmentSize>4.8</EnvironmentSize>
    <ProjectURL>http://mathema.tician.de/software/pyopencl</ProjectURL>
    <InternalTags>Python, OpenCL</InternalTags>
    <Maintainer>Achim Gottinger</Maintainer>
  </TestProfile>
  <TestSettings>
    <Option>
      <DisplayName>Type</DisplayName>
      <Identifier>type</Identifier>
      <Menu>
        <Entry>
          <Name>Silly</Name>
          <Value>Silly</Value>
        </Entry>
        <Entry>
          <Name>Naive</Name>
          <Value>Naive</Value>
        </Entry>
        <Entry>
          <Name>Local</Name>
          <Value>Local</Value>
        </Entry>
      </Menu>
    </Option>
  </TestSettings>
</PhoronixTestSuite>
