<?xml version="1.0"?>
<!--Phoronix Test Suite v3.0.0a3 (Iveland) [ http://www.phoronix-test-suite.com/ ]-->
<PhoronixTestSuite>
  <TestInformation>
    <Title>X-Plane</Title>
    <AppVersion>9.45</AppVersion>
    <Description>This is a test of X-Plane, a realistic multi-platform flight simulator designed for personal computers. This is commercial closed-source software, but this X-Plane 9 benchmark has been kindly made available for free. X-Plane is the product of Austin Meyer and Laminar Research.</Description>
    <ResultScale>Frames Per Second</ResultScale>
    <Proportion>HIB</Proportion>
    <TimesToRun>3</TimesToRun>
  </TestInformation>
  <TestProfile>
    <Version>1.3.0</Version>
    <SupportedPlatforms>Linux, MacOSX, Windows</SupportedPlatforms>
    <SoftwareType>Simulator</SoftwareType>
    <TestType>Graphics</TestType>
    <License>Free</License>
    <Status>Verified</Status>
    <SupportedArchitectures>x86, x86_64</SupportedArchitectures>
    <ExternalDependencies>openal-development</ExternalDependencies>
    <EnvironmentSize>855</EnvironmentSize>
    <ProjectURL>http://www.x-plane.com/</ProjectURL>
    <Maintainer>Michael Larabel</Maintainer>
  </TestProfile>
  <TestSettings>
    <Default>
      <Arguments>--no_workarounds --no_sound --pref:_prefs_found=0 --pref:_is_full_ALL=1</Arguments>
    </Default>
    <Option>
      <DisplayName>Quality Setting</DisplayName>
      <Identifier>quality-setting</Identifier>
      <ArgumentPrefix>--fps_test=</ArgumentPrefix>
      <Menu>
        <Entry>
          <Name>High</Name>
          <Value>2</Value>
        </Entry>
        <Entry>
          <Name>Ultra</Name>
          <Value>3</Value>
        </Entry>
      </Menu>
    </Option>
    <Option>
      <DisplayName>Resolution</DisplayName>
      <Identifier>auto-resolution</Identifier>
      <Menu>
        <Entry>
          <Name>$VIDEO_WIDTH x $VIDEO_HEIGHT</Name>
          <Value>--pref:_x_res_full_ALL=$VIDEO_WIDTH --pref:_y_res_full_ALL=$VIDEO_HEIGHT</Value>
        </Entry>
      </Menu>
    </Option>
  </TestSettings>
</PhoronixTestSuite>
