<?xml version="1.0"?>
<!--Phoronix Test Suite v3.0.0a3 (Iveland) [ http://www.phoronix-test-suite.com/ ]-->
<PhoronixTestSuite>
  <TestInformation>
    <Title>FLAC Audio Encoding</Title>
    <AppVersion>1.2.1</AppVersion>
    <Description>This test times how long it takes to encode a sample WAV file to FLAC format.</Description>
    <SubTitle>WAV To FLAC</SubTitle>
    <Executable>flac</Executable>
  </TestInformation>
  <TestProfile>
    <Version>1.2.0</Version>
    <SupportedPlatforms>Linux, Solaris</SupportedPlatforms>
    <SoftwareType>Utility</SoftwareType>
    <Extends>pts/timed-audio-encode</Extends>
    <ProjectURL>http://flac.sourceforge.net/</ProjectURL>
    <Maintainer>Michael Larabel</Maintainer>
  </TestProfile>
</PhoronixTestSuite>
