<?xml version="1.0"?>
<!--Phoronix Test Suite v3.0.0a3 (Iveland) [ http://www.phoronix-test-suite.com/ ]-->
<PhoronixTestSuite>
  <TestInformation>
    <Title>GraphicsMagick</Title>
    <AppVersion>1.3.12</AppVersion>
    <Description>This is a test of GraphicsMagick with its OpenMP implementation that performs various imaging tests to stress the system's CPU.</Description>
    <ResultScale>Iterations Per Minute</ResultScale>
    <Proportion>HIB</Proportion>
    <TimesToRun>3</TimesToRun>
  </TestInformation>
  <TestProfile>
    <Version>1.4.1</Version>
    <SupportedPlatforms>Linux, Solaris, BSD, MacOSX</SupportedPlatforms>
    <SoftwareType>Utility</SoftwareType>
    <TestType>Processor</TestType>
    <License>Free</License>
    <Status>Verified</Status>
    <ExternalDependencies>build-utilities, zlib-development</ExternalDependencies>
    <Extends>pts/photo-sample</Extends>
    <EnvironmentSize>22</EnvironmentSize>
    <ProjectURL>http://www.graphicsmagick.org/</ProjectURL>
    <InternalTags>SMP</InternalTags>
    <Maintainer>Michael Larabel</Maintainer>
  </TestProfile>
  <TestSettings>
    <Option>
      <DisplayName>Operation</DisplayName>
      <Identifier>operation</Identifier>
      <Menu>
        <Entry>
          <Name>HWB Color Space</Name>
          <Value>-colorspace HWB</Value>
        </Entry>
        <Entry>
          <Name>Blur</Name>
          <Value>-blur 0x1.0</Value>
        </Entry>
        <Entry>
          <Name>Local Adaptive Thresholding</Name>
          <Value>-lat 10x10-5%</Value>
        </Entry>
        <Entry>
          <Name>Resizing</Name>
          <Value>-resize 50%</Value>
        </Entry>
        <Entry>
          <Name>Sharpen</Name>
          <Value>-sharpen 0x1.0</Value>
        </Entry>
      </Menu>
    </Option>
  </TestSettings>
</PhoronixTestSuite>
