<?xml version="1.0"?>
<!--Phoronix Test Suite v3.8.0m1 (Bygland)-->
<PhoronixTestSuite>
  <TestInformation>
    <Title>Ogg Encoding</Title>
    <AppVersion>1.3.0</AppVersion>
    <Description>This test times how long it takes to encode a sample WAV file to Ogg format using vorbis-tools, libvorbis, and libogg.</Description>
    <SubTitle>WAV To Ogg</SubTitle>
    <Executable>oggenc</Executable>
  </TestInformation>
  <TestProfile>
    <Version>1.4.0</Version>
    <SupportedPlatforms>Linux, Solaris, BSD</SupportedPlatforms>
    <SoftwareType>Utility</SoftwareType>
    <Extends>pts/timed-audio-encode</Extends>
    <EnvironmentSize>6</EnvironmentSize>
    <ProjectURL>http://www.vorbis.com/</ProjectURL>
    <Maintainer>Michael Larabel</Maintainer>
  </TestProfile>
</PhoronixTestSuite>
