<?xml version="1.0"?>
<!--Phoronix Test Suite v3.0.0a3 (Iveland) [ http://www.phoronix-test-suite.com/ ]-->
<PhoronixTestSuite>
  <TestInformation>
    <Title>Enemy Territory</Title>
    <AppVersion>2.60</AppVersion>
    <Description>Wolfenstein: Enemy Territory is a World War II era first person shooter that was released for free by Splash Damage using the id Tech 3 engine.</Description>
    <ResultScale>Frames Per Second</ResultScale>
    <Proportion>HIB</Proportion>
    <TimesToRun>3</TimesToRun>
  </TestInformation>
  <TestProfile>
    <Version>1.1.0</Version>
    <SupportedPlatforms>Linux</SupportedPlatforms>
    <SoftwareType>Game</SoftwareType>
    <TestType>Graphics</TestType>
    <License>Free</License>
    <Status>Verified</Status>
    <SupportedArchitectures>x86, x86_64</SupportedArchitectures>
    <ExternalDependencies>32bit-compatibility</ExternalDependencies>
    <EnvironmentSize>275</EnvironmentSize>
    <ProjectURL>http://www.idsoftware.com/</ProjectURL>
    <Maintainer>Michael Larabel</Maintainer>
  </TestProfile>
  <TestSettings>
    <Default>
      <Arguments>+exec pts-etconfig +set ui_r_mode -1 +set r_mode -1 +timedemo 1 +set demodone "quit" +set demoloop1 "demo railgun; set nextdemo vstr demodone" +vstr demoloop1</Arguments>
    </Default>
    <Option>
      <DisplayName>Resolution</DisplayName>
      <Identifier>auto-resolution</Identifier>
      <Menu>
        <Entry>
          <Name>$VIDEO_WIDTH x $VIDEO_HEIGHT</Name>
          <Value>+set r_customwidth $VIDEO_WIDTH +set r_customheight $VIDEO_HEIGHT</Value>
        </Entry>
      </Menu>
    </Option>
  </TestSettings>
</PhoronixTestSuite>
