<?xml version="1.0"?>
<!--Phoronix Test Suite v3.0.0a3 (Iveland) [ http://www.phoronix-test-suite.com/ ]-->
<PhoronixTestSuite>
  <TestInformation>
    <Description>This test plots the frame-rate of VDrift, which is an cross-platform, open-source drift racing game.</Description>
    <DisplayFormat>LINE_GRAPH</DisplayFormat>
    <TimesToRun>1</TimesToRun>
  </TestInformation>
  <TestProfile>
    <Version>1.0.0</Version>
    <SupportedPlatforms>Linux, Windows</SupportedPlatforms>
    <SoftwareType>Game</SoftwareType>
    <Extends>pts/vdrift</Extends>
    <AutoSaveResults>TRUE</AutoSaveResults>
  </TestProfile>
  <TestSettings>
    <Default>
      <PostArguments>-dumpfps</PostArguments>
    </Default>
    <Option>
      <DisplayName>Resolution</DisplayName>
      <Identifier>auto-resolution</Identifier>
      <Menu>
        <Entry>
          <Name>$VIDEO_WIDTH x $VIDEO_HEIGHT</Name>
          <Value>$VIDEO_WIDTH $VIDEO_HEIGHT</Value>
        </Entry>
      </Menu>
    </Option>
  </TestSettings>
</PhoronixTestSuite>
