<?xml version="1.0"?>
<!--Phoronix Test Suite v3.0.0a3 (Iveland) [ http://www.phoronix-test-suite.com/ ]-->
<PhoronixTestSuite>
  <TestInformation>
    <Title>CLOMP</Title>
    <AppVersion>3.3</AppVersion>
    <Description>CLOMP is the C version of the Livermore OpenMP benchmark developed to measure OpenMP overheads and other performance impacts due to threading in order to influence future system designs.  This particular test profile configuration is currently set to look at the OpenMP static schedule speed-up across all available CPU cores using the recommended test configuration.</Description>
    <ResultScale>Speedup</ResultScale>
    <Proportion>HIB</Proportion>
    <SubTitle>Static OMP Speedup</SubTitle>
    <TimesToRun>5</TimesToRun>
  </TestInformation>
  <TestProfile>
    <Version>1.0.0</Version>
    <SupportedPlatforms>Linux, MacOSX</SupportedPlatforms>
    <SoftwareType>Benchmark</SoftwareType>
    <TestType>Processor</TestType>
    <License>Free</License>
    <Status>Verified</Status>
    <ExternalDependencies>build-utilities, openmpi-development</ExternalDependencies>
    <EnvironmentSize>1</EnvironmentSize>
    <ProjectURL>http://asc.llnl.gov/sequoia/benchmarks/</ProjectURL>
    <InternalTags>SMP</InternalTags>
  </TestProfile>
  <TestSettings>
    <Default>
      <Arguments>-1 -1 64 100 32 1 100</Arguments>
    </Default>
  </TestSettings>
</PhoronixTestSuite>
