<?xml version="1.0"?>
<!--Phoronix Test Suite v4.0.0m1 (Suldal)-->
<PhoronixTestSuite>
  <TestInformation>
    <Title>IOzone</Title>
    <AppVersion>3.405</AppVersion>
    <Description>The IOzone benchmark tests the hard disk drive / file-system performance.</Description>
    <ResultScale>MB/s</ResultScale>
    <Proportion>HIB</Proportion>
    <TimesToRun>3</TimesToRun>
  </TestInformation>
  <TestProfile>
    <Version>1.8.0</Version>
    <SupportedPlatforms>Linux, Windows</SupportedPlatforms>
    <SoftwareType>Utility</SoftwareType>
    <TestType>Disk</TestType>
    <License>Free</License>
    <Status>Verified</Status>
    <ExternalDependencies>build-utilities</ExternalDependencies>
    <EnvironmentSize>2.3</EnvironmentSize>
    <ProjectURL>http://www.iozone.org/</ProjectURL>
    <Maintainer>Michael Larabel</Maintainer>
  </TestProfile>
  <TestSettings>
    <Default>
      <Arguments>-e</Arguments>
    </Default>
    <Option>
      <DisplayName>Record Size</DisplayName>
      <Identifier>record-size</Identifier>
      <ArgumentPrefix>-r </ArgumentPrefix>
      <Menu>
        <Entry>
          <Name>4Kb</Name>
          <Value>4k</Value>
        </Entry>
        <Entry>
          <Name>64Kb</Name>
          <Value>64k</Value>
        </Entry>
        <Entry>
          <Name>1MB</Name>
          <Value>1m</Value>
        </Entry>
      </Menu>
    </Option>
    <Option>
      <DisplayName>File Size</DisplayName>
      <Identifier>file-size</Identifier>
      <ArgumentPrefix>-s </ArgumentPrefix>
      <ArgumentPostfix>M</ArgumentPostfix>
      <Menu>
        <Entry>
          <Name>512MB</Name>
          <Value>512</Value>
        </Entry>
        <Entry>
          <Name>2GB</Name>
          <Value>2048</Value>
        </Entry>
        <Entry>
          <Name>4GB</Name>
          <Value>4096</Value>
        </Entry>
        <Entry>
          <Name>8GB</Name>
          <Value>8192</Value>
        </Entry>
      </Menu>
    </Option>
    <Option>
      <DisplayName>Disk Test</DisplayName>
      <Identifier>test</Identifier>
      <Menu>
        <Entry>
          <Name>Write Performance</Name>
          <Value>-i0</Value>
        </Entry>
        <Entry>
          <Name>Read Performance</Name>
          <Value>-i0 -i1</Value>
        </Entry>
      </Menu>
    </Option>
  </TestSettings>
</PhoronixTestSuite>
