<?xml version="1.0"?>
<!--Phoronix Test Suite v3.6.0m3 (Arendal)-->
<PhoronixTestSuite>
  <TestInformation>
    <Title>Timed Linux Kernel Compilation</Title>
    <AppVersion>3.1</AppVersion>
    <Description>This test times how long it takes to build the Linux 3.1 kernel.</Description>
    <ResultScale>Seconds</ResultScale>
    <Proportion>LIB</Proportion>
    <SubTitle>Time To Compile</SubTitle>
    <Executable>time-compile-kernel</Executable>
  </TestInformation>
  <TestProfile>
    <Version>1.3.0</Version>
    <SupportedPlatforms>Linux</SupportedPlatforms>
    <SoftwareType>Utility</SoftwareType>
    <TestType>Processor</TestType>
    <License>Free</License>
    <Status>Verified</Status>
    <ExternalDependencies>build-utilities</ExternalDependencies>
    <ProjectURL>http://www.kernel.org/</ProjectURL>
    <InternalTags>SMP</InternalTags>
    <Maintainer>Michael Larabel</Maintainer>
  </TestProfile>
</PhoronixTestSuite>
