<?xml version="1.0"?>
<!--Phoronix Test Suite v3.8.0m1 (Bygland)-->
<PhoronixTestSuite>
  <TestInformation>
    <Title>cairo-perf-trace</Title>
    <AppVersion>1.10.2</AppVersion>
    <Description>The cairo-perf-trace test is a benchmark bundled with the upstream Cairo package. This test profile tests Cairo's Xlib back-end using a few of the tests from the cairo-traces repository on FreeDesktop.org</Description>
    <ResultScale>Seconds</ResultScale>
    <Proportion>LIB</Proportion>
    <TimesToRun>3</TimesToRun>
  </TestInformation>
  <TestProfile>
    <Version>1.0.1</Version>
    <SupportedPlatforms>Linux</SupportedPlatforms>
    <SoftwareType>Benchmark</SoftwareType>
    <TestType>Graphics</TestType>
    <License>Free</License>
    <Status>Verified</Status>
    <ExternalDependencies>build-utilities, xorg-development, libpng-development</ExternalDependencies>
    <EnvironmentSize>190</EnvironmentSize>
    <ProjectURL>http://www.cairographics.org/FAQ/</ProjectURL>
    <Maintainer>Michael Larabel</Maintainer>
  </TestProfile>
  <TestSettings>
    <Option>
      <DisplayName>Cairo Trace</DisplayName>
      <Identifier>cairo-trace</Identifier>
      <Menu>
        <Entry>
          <Name>Firefox Canvas</Name>
          <Value>firefox-canvas</Value>
        </Entry>
        <Entry>
          <Name>GNOME Terminal Vim</Name>
          <Value>gnome-terminal-vim</Value>
        </Entry>
        <Entry>
          <Name>Poppler</Name>
          <Value>poppler</Value>
        </Entry>
      </Menu>
    </Option>
  </TestSettings>
</PhoronixTestSuite>
