<?xml version="1.0"?>
<!--Phoronix Test Suite v3.0.0a3 (Iveland) [ http://www.phoronix-test-suite.com/ ]-->
<PhoronixTestSuite>
  <TestInformation>
    <Title>VDrift</Title>
    <AppVersion>2010-06-30</AppVersion>
    <Description>This test calculates the average frame-rate within VDrift, which is an cross-platform, open-source drift racing game.</Description>
    <ResultScale>Frames Per Second</ResultScale>
    <Proportion>HIB</Proportion>
    <TimesToRun>3</TimesToRun>
  </TestInformation>
  <TestProfile>
    <Version>1.2.0</Version>
    <SupportedPlatforms>Linux, Windows</SupportedPlatforms>
    <SoftwareType>Game</SoftwareType>
    <TestType>Graphics</TestType>
    <License>Free</License>
    <Status>Verified</Status>
    <SupportedArchitectures>x86, x86_64</SupportedArchitectures>
    <ExternalDependencies>sdl-development, build-utilities, glew, glut, jam, scons, vorbis-development, autoconf, libtool, boost-development</ExternalDependencies>
    <EnvironmentSize>1100</EnvironmentSize>
    <EstimatedTimePerRun>120</EstimatedTimePerRun>
    <ProjectURL>http://www.vdrift.net/</ProjectURL>
    <Maintainer>Michael Larabel</Maintainer>
  </TestProfile>
  <TestSettings>
    <Option>
      <DisplayName>Resolution</DisplayName>
      <Identifier>auto-resolution</Identifier>
      <Menu>
        <Entry>
          <Name>$VIDEO_WIDTH x $VIDEO_HEIGHT</Name>
          <Value>$VIDEO_WIDTH $VIDEO_HEIGHT</Value>
        </Entry>
      </Menu>
    </Option>
  </TestSettings>
</PhoronixTestSuite>
