<?xml version="1.0"?>
<!--Phoronix Test Suite v3.0.0a3 (Iveland) [ http://www.phoronix-test-suite.com/ ]-->
<PhoronixTestSuite>
  <TestInformation>
    <Title>GnuPG</Title>
    <AppVersion>1.4.10</AppVersion>
    <Description>This test times how long it takes to encrypt a file using GnuPG.</Description>
    <ResultScale>Seconds</ResultScale>
    <Proportion>LIB</Proportion>
    <SubTitle>1GB File Encryption</SubTitle>
    <TimesToRun>4</TimesToRun>
  </TestInformation>
  <TestProfile>
    <Version>1.3.1</Version>
    <SupportedPlatforms>Linux, Solaris, BSD</SupportedPlatforms>
    <SoftwareType>Utility</SoftwareType>
    <TestType>Processor</TestType>
    <License>Free</License>
    <Status>Verified</Status>
    <ExternalDependencies>build-utilities</ExternalDependencies>
    <EnvironmentSize>8.4</EnvironmentSize>
    <EnvironmentTestingSize>2048</EnvironmentTestingSize>
    <ProjectURL>http://www.gnupg.org/</ProjectURL>
    <Maintainer>Michael Larabel</Maintainer>
  </TestProfile>
</PhoronixTestSuite>
