<?xml version="1.0"?>
<!--Phoronix Test Suite v3.6.0m3 (Arendal)-->
<PhoronixTestSuite>
  <TestInformation>
    <Title>Minion</Title>
    <AppVersion>0.12</AppVersion>
    <Description>Minion is an open-source constraint solver that is designed to be very scalable. This test profile uses Minion's integrated benchmarking problems to solve.</Description>
    <ResultScale>Seconds</ResultScale>
    <Proportion>LIB</Proportion>
    <TimesToRun>3</TimesToRun>
  </TestInformation>
  <TestProfile>
    <Version>1.3.0</Version>
    <SupportedPlatforms>Linux</SupportedPlatforms>
    <SoftwareType>Utility</SoftwareType>
    <TestType>Processor</TestType>
    <License>Free</License>
    <Status>Verified</Status>
    <ExternalDependencies>build-utilities, cmake, boost-development, bzip2-development</ExternalDependencies>
    <EnvironmentSize>196</EnvironmentSize>
    <ProjectURL>http://minion.sourceforge.net/</ProjectURL>
    <Maintainer>Michael Larabel</Maintainer>
  </TestProfile>
  <TestSettings>
    <Option>
      <DisplayName>Benchmark</DisplayName>
      <Identifier>benchmark</Identifier>
      <Menu>
        <Entry>
          <Name>Bibd</Name>
          <Value>benchmarks/Bibd/bibdline11.minion</Value>
        </Entry>
        <Entry>
          <Name>Graceful</Name>
          <Value>benchmarks/graceful/k6p2_table.minion</Value>
        </Entry>
        <Entry>
          <Name>Quasigroup</Name>
          <Value>benchmarks/Quasigroup/qg-watchelement-7-10.minion</Value>
        </Entry>
        <Entry>
          <Name>Solitaire</Name>
          <Value>benchmarks/solitaire/solitaire_benchmark_8.minion</Value>
        </Entry>
      </Menu>
    </Option>
  </TestSettings>
</PhoronixTestSuite>
