<?xml version="1.0"?>
<!--Phoronix Test Suite v3.0.0a3 (Iveland) [ http://www.phoronix-test-suite.com/ ]-->
<PhoronixTestSuite>
  <TestInformation>
    <Title>World of Padman</Title>
    <AppVersion>1.2</AppVersion>
    <Description>World of Padman is an open-source game using the ioquake3 engine. What makes this game different from other first-person shooters is that it's a cartoon-style action game.</Description>
    <ResultScale>Frames Per Second</ResultScale>
    <Proportion>HIB</Proportion>
    <TimesToRun>3</TimesToRun>
  </TestInformation>
  <TestProfile>
    <Version>1.1.0</Version>
    <SupportedPlatforms>Linux</SupportedPlatforms>
    <SoftwareType>Game</SoftwareType>
    <TestType>Graphics</TestType>
    <License>Free</License>
    <Status>Verified</Status>
    <SupportedArchitectures>x86, x86_64</SupportedArchitectures>
    <ExternalDependencies>sdl-development</ExternalDependencies>
    <EnvironmentSize>612</EnvironmentSize>
    <ProjectURL>http://www.worldofpadman.com/</ProjectURL>
    <Maintainer>Michael Larabel</Maintainer>
  </TestProfile>
  <TestSettings>
    <Default>
      <Arguments>+timedemo 1 +set demodone "quit" +set demoloop1 "demo pts; set nextdemo vstr demodone" +vstr demoloop1</Arguments>
    </Default>
    <Option>
      <DisplayName>Resolution</DisplayName>
      <Identifier>auto-resolution</Identifier>
      <Menu>
        <Entry>
          <Name>$VIDEO_WIDTH x $VIDEO_HEIGHT</Name>
          <Value>+set r_customwidth $VIDEO_WIDTH +set r_customheight $VIDEO_HEIGHT</Value>
        </Entry>
      </Menu>
    </Option>
  </TestSettings>
</PhoronixTestSuite>
