<?xml version="1.0"?>
<!--Phoronix Test Suite v3.8.0m1 (Bygland)-->
<PhoronixTestSuite>
  <TestInformation>
    <Title>NGINX Benchmark</Title>
    <AppVersion>1.0.11</AppVersion>
    <Description>This is a test of ab, which is the Apache Benchmark program running against nginx. This test profile measures how many requests per second a given system can sustain when carrying out 500,000 requests with 100 requests being carried out concurrently.</Description>
    <ResultScale>Requests Per Second</ResultScale>
    <Proportion>HIB</Proportion>
    <SubTitle>Static Web Page Serving</SubTitle>
    <TimesToRun>3</TimesToRun>
  </TestInformation>
  <TestProfile>
    <Version>1.1.0</Version>
    <SupportedPlatforms>Linux</SupportedPlatforms>
    <SoftwareType>Utility</SoftwareType>
    <TestType>System</TestType>
    <License>Free</License>
    <Status>Verified</Status>
    <ExternalDependencies>build-utilities, zlib-development</ExternalDependencies>
    <EnvironmentSize>61</EnvironmentSize>
    <ProjectURL>http://nginx.net/</ProjectURL>
    <Maintainer>Pekka Panula</Maintainer>
  </TestProfile>
  <TestSettings>
    <Default>
      <Arguments>-n 500000 -c 100 http://localhost:8088/test.html</Arguments>
    </Default>
  </TestSettings>
</PhoronixTestSuite>
