<?xml version="1.0"?>
<!--Phoronix Test Suite v3.0.0a3 (Iveland) [ http://www.phoronix-test-suite.com/ ]-->
<PhoronixTestSuite>
  <TestInformation>
    <Title>Nexuiz Image Quality</Title>
    <ResultScale>NULL</ResultScale>
    <Proportion>ABSTRACT</Proportion>
    <DisplayFormat>IMAGE_COMPARISON</DisplayFormat>
    <TimesToRun>1</TimesToRun>
  </TestInformation>
  <TestProfile>
    <Version>1.0.0</Version>
    <SupportedPlatforms>Linux, MacOSX, Windows</SupportedPlatforms>
    <SoftwareType>Game</SoftwareType>
    <TestType>System</TestType>
    <Extends>pts/nexuiz</Extends>
    <AllowResultsSharing>FALSE</AllowResultsSharing>
    <AutoSaveResults>TRUE</AutoSaveResults>
  </TestProfile>
  <TestSettings>
    <Default>
      <Arguments> </Arguments>
      <AllowCacheShare>TRUE</AllowCacheShare>
    </Default>
    <Option>
      <DisplayName>Scene</DisplayName>
      <Identifier>scene</Identifier>
      <Menu>
        <Entry>
          <Name>Weapon Rendering</Name>
          <Value>nexuiz000085.tga</Value>
        </Entry>
        <Entry>
          <Name>Enemy</Name>
          <Value>nexuiz000090.tga</Value>
        </Entry>
        <Entry>
          <Name>Explosion</Name>
          <Value>nexuiz000112.tga</Value>
        </Entry>
      </Menu>
    </Option>
  </TestSettings>
</PhoronixTestSuite>
