<?xml version="1.0"?>
<!--Phoronix Test Suite v3.0.0a3 (Iveland) [ http://www.phoronix-test-suite.com/ ]-->
<PhoronixTestSuite>
  <TestInformation>
    <Title>Monkey Audio Encoding</Title>
    <AppVersion>3.99u4b5s6</AppVersion>
    <Description>This test times how long it takes to encode a sample WAV file to APE format.</Description>
    <SubTitle>WAV To APE</SubTitle>
    <Executable>encode-ape</Executable>
  </TestInformation>
  <TestProfile>
    <Version>1.3.0</Version>
    <SupportedPlatforms>Linux, MacOSX, BSD</SupportedPlatforms>
    <SoftwareType>Utility</SoftwareType>
    <Extends>pts/timed-audio-encode</Extends>
    <ProjectURL>http://www.monkeysaudio.com/</ProjectURL>
    <Maintainer>apaige</Maintainer>
  </TestProfile>
</PhoronixTestSuite>
